Flutter crash report.
Please report a bug at https://github.com/flutter/flutter/issues.

## command

flutter build appbundle

## exception

PathAccessException: PathAccessException: Deletion failed, path = 'C:\Users\jbmal\Desktop\proyecto integrador\integrado_app\app_auth\windows\flutter\ephemeral\.plugin_symlinks' (OS Error: El proceso no tiene acceso al archivo porque está siendo utilizado por otro proceso.
, errno = 32)

```
#0      _Directory._deleteSync (dart:io/directory_impl.dart:193:7)
#1      FileSystemEntity.deleteSync (dart:io/file_system_entity.dart:424:7)
#2      ForwardingFileSystemEntity.deleteSync (package:file/src/forwarding/forwarding_file_system_entity.dart:70:16)
#3      ErrorHandlingDirectory.deleteSync.<anonymous closure> (package:flutter_tools/src/base/error_handling_io.dart:481:22)
#4      _runSync (package:flutter_tools/src/base/error_handling_io.dart:590:14)
#5      ErrorHandlingDirectory.deleteSync (package:flutter_tools/src/base/error_handling_io.dart:480:12)
#6      _createPlatformPluginSymlinks (package:flutter_tools/src/flutter_plugins.dart:1041:22)
#7      createPluginSymlinks (package:flutter_tools/src/flutter_plugins.dart:985:5)
#8      refreshPluginsList (package:flutter_tools/src/flutter_plugins.dart:1087:5)
<asynchronous suspension>
#9      FlutterProject.ensureReadyForPlatformSpecificTooling (package:flutter_tools/src/project.dart:355:5)
<asynchronous suspension>
#10     FlutterCommand.verifyThenRunCommand (package:flutter_tools/src/runner/flutter_command.dart:1554:7)
<asynchronous suspension>
#11     FlutterCommand.run.<anonymous closure> (package:flutter_tools/src/runner/flutter_command.dart:1336:27)
<asynchronous suspension>
#12     AppContext.run.<anonymous closure> (package:flutter_tools/src/base/context.dart:150:19)
<asynchronous suspension>
#13     CommandRunner.runCommand (package:args/command_runner.dart:212:13)
<asynchronous suspension>
#14     FlutterCommandRunner.runCommand.<anonymous closure> (package:flutter_tools/src/runner/flutter_command_runner.dart:296:9)
<asynchronous suspension>
#15     AppContext.run.<anonymous closure> (package:flutter_tools/src/base/context.dart:150:19)
<asynchronous suspension>
#16     FlutterCommandRunner.runCommand (package:flutter_tools/src/runner/flutter_command_runner.dart:244:5)
<asynchronous suspension>
#17     run.<anonymous closure>.<anonymous closure> (package:flutter_tools/runner.dart:91:9)
<asynchronous suspension>
#18     AppContext.run.<anonymous closure> (package:flutter_tools/src/base/context.dart:150:19)
<asynchronous suspension>
#19     main (package:flutter_tools/executable.dart:91:3)
<asynchronous suspension>
```

## flutter doctor

```
[32m[✓][39m Flutter (Channel stable, 3.10.6, on Microsoft Windows [Versi¢n 10.0.22621.1992], locale es-MX)
    [32m•[39m Flutter version 3.10.6 on channel stable at C:\Users\jbmal\Documents\flutter
    [32m•[39m Upstream repository https://github.com/flutter/flutter.git
    [32m•[39m Framework revision f468f3366c (13 days ago), 2023-07-12 15:19:05 -0700
    [32m•[39m Engine revision cdbeda788a
    [32m•[39m Dart version 3.0.6
    [32m•[39m DevTools version 2.23.1

[32m[✓][39m Windows Version (Installed version of Windows is version 10 or higher)

[32m[✓][39m Android toolchain - develop for Android devices (Android SDK version 33.0.1)
    [32m•[39m Android SDK at C:\Users\jbmal\AppData\Local\Android\sdk
    [32m•[39m Platform android-TiramisuPrivacySandbox, build-tools 33.0.1
    [32m•[39m Java binary at: C:\Program Files\Android\Android Studio\jbr\bin\java
    [32m•[39m Java version OpenJDK Runtime Environment (build 11.0.15+0-b2043.56-8887301)
    [32m•[39m All Android licenses accepted.

[32m[✓][39m Chrome - develop for the web
    [32m•[39m Chrome at C:\Program Files\Google\Chrome\Application\chrome.exe

[32m[✓][39m Visual Studio - develop for Windows (Visual Studio Community 2022 17.4.4)
    [32m•[39m Visual Studio at C:\Program Files\Microsoft Visual Studio\2022\Community
    [32m•[39m Visual Studio Community 2022 version 17.4.33213.308
    [32m•[39m Windows 10 SDK version 10.0.22000.0

[32m[✓][39m Android Studio (version 2022.1)
    [32m•[39m Android Studio at C:\Program Files\Android\Android Studio
    [32m•[39m Flutter plugin can be installed from:
      🔨 https://plugins.jetbrains.com/plugin/9212-flutter
    [32m•[39m Dart plugin can be installed from:
      🔨 https://plugins.jetbrains.com/plugin/6351-dart
    [32m•[39m Java version OpenJDK Runtime Environment (build 11.0.15+0-b2043.56-8887301)

[32m[✓][39m VS Code (version 1.80.1)
    [32m•[39m VS Code at C:\Users\jbmal\AppData\Local\Programs\Microsoft VS Code
    [32m•[39m Flutter extension version 3.68.0

[32m[✓][39m Connected device (3 available)
    [32m•[39m Windows (desktop) • windows • windows-x64    • Microsoft Windows [Versi¢n 10.0.22621.1992]
    [32m•[39m Chrome (web)      • chrome  • web-javascript • Google Chrome 114.0.5735.199
    [32m•[39m Edge (web)        • edge    • web-javascript • Microsoft Edge 115.0.1901.183

[32m[✓][39m Network resources
    [32m•[39m All expected network resources are available.

[32m•[39m No issues found!
```
